2024-11-07 20:01:37.360526: E external/local_xla/xla/stream_executor/cuda/cuda_dnn.cc:9261] Unable to register cuDNN factory: Attempting to register factory for plugin cuDNN when one has already been registered
2024-11-07 20:01:37.360566: E external/local_xla/xla/stream_executor/cuda/cuda_fft.cc:607] Unable to register cuFFT factory: Attempting to register factory for plugin cuFFT when one has already been registered
2024-11-07 20:01:37.361520: E external/local_xla/xla/stream_executor/cuda/cuda_blas.cc:1515] Unable to register cuBLAS factory: Attempting to register factory for plugin cuBLAS when one has already been registered
2024-11-07 20:01:37.366811: I tensorflow/core/platform/cpu_feature_guard.cc:182] This TensorFlow binary is optimized to use available CPU instructions in performance-critical operations.
To enable the following instructions: AVX2 FMA, in other operations, rebuild TensorFlow with the appropriate compiler flags.
2024-11-07 20:01:38.105850: W tensorflow/compiler/tf2tensorrt/utils/py_utils.cc:38] TF-TRT Warning: Could not find TensorRT
/usr/local/lib/python3.11/dist-packages/torch/_utils.py:831: UserWarning: TypedStorage is deprecated. It will be removed in the future and UntypedStorage will be the only storage class. This should only matter to you if you are using storages directly.  To access UntypedStorage directly, use tensor.untyped_storage() instead of tensor.storage()
  return self.fget.__get__(instance, owner)()
Some weights of RobertaForSequenceClassification were not initialized from the model checkpoint at DeepChem/ChemBERTa-5M-MTR and are newly initialized: ['classifier.dense.bias', 'classifier.dense.weight', 'classifier.out_proj.bias', 'classifier.out_proj.weight']
You should probably TRAIN this model on a down-stream task to be able to use it for predictions and inference.
*** Start experiment ***
Inputs:    smiles
Data type: comp
Model:     DeepChem/ChemBERTa-5M-MTR
Results folder: /storage/smiles2spec_models/smiles_comp_ChemBERTa-5M-MTR_FFNN-0-2200
Total Params. :  3,864,255
Total Trainable Params. :  3,864,255
[2024-11-07 20:01:53,327] [INFO] [real_accelerator.py:158:get_accelerator] Setting ds_accelerator to cuda (auto detect)
{'loss': 62.5264, 'grad_norm': 8.53392219543457, 'learning_rate': 1.8709073900841907e-05, 'epoch': 0.37}
{'eval_loss': 13.862258911132812, 'eval_runtime': 4.1591, 'eval_samples_per_second': 2055.961, 'eval_steps_per_second': 32.218, 'epoch': 0.37}
{'loss': 12.1356, 'grad_norm': 2.3238391876220703, 'learning_rate': 3.7418147801683815e-05, 'epoch': 0.75}
{'eval_loss': 7.468372821807861, 'eval_runtime': 3.6896, 'eval_samples_per_second': 2317.599, 'eval_steps_per_second': 36.318, 'epoch': 0.75}
{'loss': 7.3445, 'grad_norm': 4.236095905303955, 'learning_rate': 4.9319197588608256e-05, 'epoch': 1.12}
{'eval_loss': 5.426731586456299, 'eval_runtime': 3.5156, 'eval_samples_per_second': 2432.329, 'eval_steps_per_second': 38.116, 'epoch': 1.12}
{'loss': 6.1492, 'grad_norm': 3.1462976932525635, 'learning_rate': 4.7240411599625824e-05, 'epoch': 1.5}
{'eval_loss': 4.9141011238098145, 'eval_runtime': 3.4582, 'eval_samples_per_second': 2472.693, 'eval_steps_per_second': 38.749, 'epoch': 1.5}
{'loss': 6.2283, 'grad_norm': 3.1300883293151855, 'learning_rate': 4.5161625610643385e-05, 'epoch': 1.87}
{'eval_loss': 4.546421051025391, 'eval_runtime': 3.8515, 'eval_samples_per_second': 2220.151, 'eval_steps_per_second': 34.791, 'epoch': 1.87}
{'loss': 5.5173, 'grad_norm': 3.5503089427948, 'learning_rate': 4.308283962166095e-05, 'epoch': 2.25}
{'eval_loss': 4.2274065017700195, 'eval_runtime': 3.5399, 'eval_samples_per_second': 2415.619, 'eval_steps_per_second': 37.854, 'epoch': 2.25}
{'loss': 5.3281, 'grad_norm': 4.203697681427002, 'learning_rate': 4.100405363267852e-05, 'epoch': 2.62}
{'eval_loss': 3.979598045349121, 'eval_runtime': 3.6354, 'eval_samples_per_second': 2352.122, 'eval_steps_per_second': 36.859, 'epoch': 2.62}
{'loss': 5.2203, 'grad_norm': 2.9730873107910156, 'learning_rate': 3.892526764369608e-05, 'epoch': 2.99}
{'eval_loss': 3.786137580871582, 'eval_runtime': 3.6374, 'eval_samples_per_second': 2350.855, 'eval_steps_per_second': 36.84, 'epoch': 2.99}
{'loss': 4.3504, 'grad_norm': 2.8850104808807373, 'learning_rate': 3.684648165471365e-05, 'epoch': 3.37}
{'eval_loss': 3.6559946537017822, 'eval_runtime': 4.0211, 'eval_samples_per_second': 2126.516, 'eval_steps_per_second': 33.324, 'epoch': 3.37}
{'loss': 4.8649, 'grad_norm': 4.572536468505859, 'learning_rate': 3.476769566573121e-05, 'epoch': 3.74}
{'eval_loss': 3.535309314727783, 'eval_runtime': 3.7561, 'eval_samples_per_second': 2276.56, 'eval_steps_per_second': 35.675, 'epoch': 3.74}
{'loss': 4.5051, 'grad_norm': 3.257260799407959, 'learning_rate': 3.268890967674878e-05, 'epoch': 4.12}
{'eval_loss': 3.4618661403656006, 'eval_runtime': 3.4605, 'eval_samples_per_second': 2471.058, 'eval_steps_per_second': 38.723, 'epoch': 4.12}
{'loss': 4.1255, 'grad_norm': 2.277317523956299, 'learning_rate': 3.061012368776635e-05, 'epoch': 4.49}
{'eval_loss': 3.393649101257324, 'eval_runtime': 4.5323, 'eval_samples_per_second': 1886.69, 'eval_steps_per_second': 29.566, 'epoch': 4.49}
{'loss': 4.3632, 'grad_norm': 5.767462730407715, 'learning_rate': 2.853133769878391e-05, 'epoch': 4.86}
{'eval_loss': 3.3222055435180664, 'eval_runtime': 3.4273, 'eval_samples_per_second': 2494.999, 'eval_steps_per_second': 39.098, 'epoch': 4.86}
{'loss': 4.4102, 'grad_norm': 3.458711862564087, 'learning_rate': 2.6452551709801478e-05, 'epoch': 5.24}
{'eval_loss': 3.2816245555877686, 'eval_runtime': 3.4474, 'eval_samples_per_second': 2480.428, 'eval_steps_per_second': 38.87, 'epoch': 5.24}
{'loss': 3.737, 'grad_norm': 2.808906316757202, 'learning_rate': 2.4373765720819042e-05, 'epoch': 5.61}
{'eval_loss': 3.2315502166748047, 'eval_runtime': 3.8456, 'eval_samples_per_second': 2223.569, 'eval_steps_per_second': 34.845, 'epoch': 5.61}
{'loss': 4.7052, 'grad_norm': 3.23856782913208, 'learning_rate': 2.2294979731836607e-05, 'epoch': 5.99}
{'eval_loss': 3.185657262802124, 'eval_runtime': 3.5235, 'eval_samples_per_second': 2426.835, 'eval_steps_per_second': 38.03, 'epoch': 5.99}
{'loss': 3.7136, 'grad_norm': 3.103158473968506, 'learning_rate': 2.0216193742854175e-05, 'epoch': 6.36}
{'eval_loss': 3.1558642387390137, 'eval_runtime': 4.0024, 'eval_samples_per_second': 2136.448, 'eval_steps_per_second': 33.48, 'epoch': 6.36}
{'loss': 4.0808, 'grad_norm': 4.19376277923584, 'learning_rate': 1.813740775387174e-05, 'epoch': 6.74}
{'eval_loss': 3.1257784366607666, 'eval_runtime': 3.489, 'eval_samples_per_second': 2450.85, 'eval_steps_per_second': 38.406, 'epoch': 6.74}
{'loss': 4.4167, 'grad_norm': 3.452382802963257, 'learning_rate': 1.6058621764889305e-05, 'epoch': 7.11}
{'eval_loss': 3.094129800796509, 'eval_runtime': 4.2271, 'eval_samples_per_second': 2022.889, 'eval_steps_per_second': 31.7, 'epoch': 7.11}
{'loss': 3.9426, 'grad_norm': 3.0472049713134766, 'learning_rate': 1.3979835775906871e-05, 'epoch': 7.48}
{'eval_loss': 3.0735034942626953, 'eval_runtime': 3.5808, 'eval_samples_per_second': 2388.007, 'eval_steps_per_second': 37.422, 'epoch': 7.48}
{'loss': 3.6982, 'grad_norm': 3.2106597423553467, 'learning_rate': 1.1901049786924437e-05, 'epoch': 7.86}
{'eval_loss': 3.0508861541748047, 'eval_runtime': 3.6464, 'eval_samples_per_second': 2345.039, 'eval_steps_per_second': 36.748, 'epoch': 7.86}
{'loss': 3.7172, 'grad_norm': 3.1497294902801514, 'learning_rate': 9.822263797942002e-06, 'epoch': 8.23}
{'eval_loss': 3.030325412750244, 'eval_runtime': 4.8487, 'eval_samples_per_second': 1763.551, 'eval_steps_per_second': 27.636, 'epoch': 8.23}
{'loss': 3.4539, 'grad_norm': 2.8752870559692383, 'learning_rate': 7.743477808959569e-06, 'epoch': 8.61}
{'eval_loss': 3.0247066020965576, 'eval_runtime': 3.9181, 'eval_samples_per_second': 2182.457, 'eval_steps_per_second': 34.201, 'epoch': 8.61}
{'loss': 4.2908, 'grad_norm': 3.870187759399414, 'learning_rate': 5.664691819977134e-06, 'epoch': 8.98}
{'eval_loss': 3.0127692222595215, 'eval_runtime': 4.5359, 'eval_samples_per_second': 1885.194, 'eval_steps_per_second': 29.542, 'epoch': 8.98}
{'loss': 4.3071, 'grad_norm': 3.7201058864593506, 'learning_rate': 3.585905830994699e-06, 'epoch': 9.35}
{'eval_loss': 3.006753444671631, 'eval_runtime': 4.3813, 'eval_samples_per_second': 1951.714, 'eval_steps_per_second': 30.585, 'epoch': 9.35}
{'loss': 3.5258, 'grad_norm': 3.4720001220703125, 'learning_rate': 1.5071198420122647e-06, 'epoch': 9.73}
{'eval_loss': 3.001415491104126, 'eval_runtime': 4.2364, 'eval_samples_per_second': 2018.461, 'eval_steps_per_second': 31.631, 'epoch': 9.73}
{'train_runtime': 838.3025, 'train_samples_per_second': 815.982, 'train_steps_per_second': 12.752, 'train_loss': 7.004793172466967, 'epoch': 10.0}
Model saved.
Predictions saved.
*** Experiment finished ***

2024-11-07 20:16:05.291426: E external/local_xla/xla/stream_executor/cuda/cuda_dnn.cc:9261] Unable to register cuDNN factory: Attempting to register factory for plugin cuDNN when one has already been registered
2024-11-07 20:16:05.291484: E external/local_xla/xla/stream_executor/cuda/cuda_fft.cc:607] Unable to register cuFFT factory: Attempting to register factory for plugin cuFFT when one has already been registered
2024-11-07 20:16:05.292433: E external/local_xla/xla/stream_executor/cuda/cuda_blas.cc:1515] Unable to register cuBLAS factory: Attempting to register factory for plugin cuBLAS when one has already been registered
2024-11-07 20:16:05.297912: I tensorflow/core/platform/cpu_feature_guard.cc:182] This TensorFlow binary is optimized to use available CPU instructions in performance-critical operations.
To enable the following instructions: AVX2 FMA, in other operations, rebuild TensorFlow with the appropriate compiler flags.
2024-11-07 20:16:06.081846: W tensorflow/compiler/tf2tensorrt/utils/py_utils.cc:38] TF-TRT Warning: Could not find TensorRT
/usr/local/lib/python3.11/dist-packages/torch/_utils.py:831: UserWarning: TypedStorage is deprecated. It will be removed in the future and UntypedStorage will be the only storage class. This should only matter to you if you are using storages directly.  To access UntypedStorage directly, use tensor.untyped_storage() instead of tensor.storage()
  return self.fget.__get__(instance, owner)()
Some weights of RobertaForSequenceClassification were not initialized from the model checkpoint at DeepChem/ChemBERTa-5M-MTR and are newly initialized: ['classifier.dense.bias', 'classifier.dense.weight', 'classifier.out_proj.bias', 'classifier.out_proj.weight']
You should probably TRAIN this model on a down-stream task to be able to use it for predictions and inference.
*** Start experiment ***
Inputs:    smiles
Data type: comp
Model:     DeepChem/ChemBERTa-5M-MTR
Results folder: /storage/smiles2spec_models/smiles_comp_ChemBERTa-5M-MTR_FFNN-1-2200
Total Params. :  7,908,056
Total Trainable Params. :  7,908,056
[2024-11-07 20:16:18,552] [INFO] [real_accelerator.py:158:get_accelerator] Setting ds_accelerator to cuda (auto detect)
{'loss': 47.9489, 'grad_norm': 3.751171350479126, 'learning_rate': 1.8709073900841907e-05, 'epoch': 0.37}
{'eval_loss': 8.818585395812988, 'eval_runtime': 4.4786, 'eval_samples_per_second': 1909.299, 'eval_steps_per_second': 29.92, 'epoch': 0.37}
{'loss': 8.7739, 'grad_norm': 4.286594867706299, 'learning_rate': 3.7418147801683815e-05, 'epoch': 0.75}
{'eval_loss': 5.716141700744629, 'eval_runtime': 3.4038, 'eval_samples_per_second': 2512.168, 'eval_steps_per_second': 39.367, 'epoch': 0.75}
{'loss': 5.4723, 'grad_norm': 4.581339359283447, 'learning_rate': 4.9319197588608256e-05, 'epoch': 1.12}
{'eval_loss': 4.813027858734131, 'eval_runtime': 3.8376, 'eval_samples_per_second': 2228.193, 'eval_steps_per_second': 34.917, 'epoch': 1.12}
{'loss': 4.8983, 'grad_norm': 4.372317790985107, 'learning_rate': 4.7240411599625824e-05, 'epoch': 1.5}
{'eval_loss': 4.152462005615234, 'eval_runtime': 4.4534, 'eval_samples_per_second': 1920.097, 'eval_steps_per_second': 30.089, 'epoch': 1.5}
{'loss': 5.0089, 'grad_norm': 3.7489013671875, 'learning_rate': 4.5161625610643385e-05, 'epoch': 1.87}
{'eval_loss': 3.7412450313568115, 'eval_runtime': 4.0576, 'eval_samples_per_second': 2107.418, 'eval_steps_per_second': 33.025, 'epoch': 1.87}
{'loss': 4.3935, 'grad_norm': 4.310363292694092, 'learning_rate': 4.308283962166095e-05, 'epoch': 2.25}
{'eval_loss': 3.5605599880218506, 'eval_runtime': 3.9423, 'eval_samples_per_second': 2169.028, 'eval_steps_per_second': 33.99, 'epoch': 2.25}
{'loss': 4.3718, 'grad_norm': 4.500050067901611, 'learning_rate': 4.100405363267852e-05, 'epoch': 2.62}
{'eval_loss': 3.368053674697876, 'eval_runtime': 4.1429, 'eval_samples_per_second': 2064.022, 'eval_steps_per_second': 32.345, 'epoch': 2.62}
{'loss': 4.349, 'grad_norm': 5.444031238555908, 'learning_rate': 3.892526764369608e-05, 'epoch': 2.99}
{'eval_loss': 3.246177911758423, 'eval_runtime': 3.6202, 'eval_samples_per_second': 2362.01, 'eval_steps_per_second': 37.014, 'epoch': 2.99}
{'loss': 3.6151, 'grad_norm': 4.426316738128662, 'learning_rate': 3.684648165471365e-05, 'epoch': 3.37}
{'eval_loss': 3.1498606204986572, 'eval_runtime': 4.676, 'eval_samples_per_second': 1828.712, 'eval_steps_per_second': 28.657, 'epoch': 3.37}
{'loss': 4.2064, 'grad_norm': 5.881315231323242, 'learning_rate': 3.476769566573121e-05, 'epoch': 3.74}
{'eval_loss': 3.100163698196411, 'eval_runtime': 4.0949, 'eval_samples_per_second': 2088.195, 'eval_steps_per_second': 32.723, 'epoch': 3.74}
{'loss': 3.8656, 'grad_norm': 4.325343608856201, 'learning_rate': 3.268890967674878e-05, 'epoch': 4.12}
{'eval_loss': 3.0228235721588135, 'eval_runtime': 4.2763, 'eval_samples_per_second': 1999.641, 'eval_steps_per_second': 31.336, 'epoch': 4.12}
{'loss': 3.5264, 'grad_norm': 3.1326284408569336, 'learning_rate': 3.061012368776635e-05, 'epoch': 4.49}
{'eval_loss': 2.963731050491333, 'eval_runtime': 3.7118, 'eval_samples_per_second': 2303.74, 'eval_steps_per_second': 36.101, 'epoch': 4.49}
{'loss': 3.8013, 'grad_norm': 4.476667881011963, 'learning_rate': 2.853133769878391e-05, 'epoch': 4.86}
{'eval_loss': 2.9430956840515137, 'eval_runtime': 4.354, 'eval_samples_per_second': 1963.928, 'eval_steps_per_second': 30.776, 'epoch': 4.86}
{'loss': 3.8429, 'grad_norm': 3.5861072540283203, 'learning_rate': 2.6452551709801478e-05, 'epoch': 5.24}
{'eval_loss': 2.9066355228424072, 'eval_runtime': 3.9381, 'eval_samples_per_second': 2171.333, 'eval_steps_per_second': 34.026, 'epoch': 5.24}
{'loss': 3.2412, 'grad_norm': 3.4818339347839355, 'learning_rate': 2.4373765720819042e-05, 'epoch': 5.61}
{'eval_loss': 2.8673174381256104, 'eval_runtime': 3.4483, 'eval_samples_per_second': 2479.737, 'eval_steps_per_second': 38.859, 'epoch': 5.61}
{'loss': 4.0853, 'grad_norm': 4.398059844970703, 'learning_rate': 2.2294979731836607e-05, 'epoch': 5.99}
{'eval_loss': 2.8293299674987793, 'eval_runtime': 3.4851, 'eval_samples_per_second': 2453.598, 'eval_steps_per_second': 38.45, 'epoch': 5.99}
{'loss': 3.202, 'grad_norm': 3.63576340675354, 'learning_rate': 2.0216193742854175e-05, 'epoch': 6.36}
{'eval_loss': 2.787569761276245, 'eval_runtime': 4.6185, 'eval_samples_per_second': 1851.449, 'eval_steps_per_second': 29.013, 'epoch': 6.36}
{'loss': 3.6462, 'grad_norm': 6.11752462387085, 'learning_rate': 1.813740775387174e-05, 'epoch': 6.74}
{'eval_loss': 2.772062301635742, 'eval_runtime': 3.5127, 'eval_samples_per_second': 2434.338, 'eval_steps_per_second': 38.148, 'epoch': 6.74}
{'loss': 3.9451, 'grad_norm': 3.8374099731445312, 'learning_rate': 1.6058621764889305e-05, 'epoch': 7.11}
{'eval_loss': 2.757542848587036, 'eval_runtime': 4.5274, 'eval_samples_per_second': 1888.742, 'eval_steps_per_second': 29.598, 'epoch': 7.11}
{'loss': 3.5089, 'grad_norm': 4.261000156402588, 'learning_rate': 1.3979835775906871e-05, 'epoch': 7.48}
{'eval_loss': 2.7376883029937744, 'eval_runtime': 4.0832, 'eval_samples_per_second': 2094.193, 'eval_steps_per_second': 32.817, 'epoch': 7.48}
{'loss': 3.2837, 'grad_norm': 3.5085060596466064, 'learning_rate': 1.1901049786924437e-05, 'epoch': 7.86}
{'eval_loss': 2.7236075401306152, 'eval_runtime': 3.7262, 'eval_samples_per_second': 2294.815, 'eval_steps_per_second': 35.961, 'epoch': 7.86}
{'loss': 3.3104, 'grad_norm': 3.614305257797241, 'learning_rate': 9.822263797942002e-06, 'epoch': 8.23}
{'eval_loss': 2.712449789047241, 'eval_runtime': 4.0158, 'eval_samples_per_second': 2129.358, 'eval_steps_per_second': 33.368, 'epoch': 8.23}
{'loss': 3.0244, 'grad_norm': 3.3525266647338867, 'learning_rate': 7.743477808959569e-06, 'epoch': 8.61}
{'eval_loss': 2.7021896839141846, 'eval_runtime': 3.6606, 'eval_samples_per_second': 2335.972, 'eval_steps_per_second': 36.606, 'epoch': 8.61}
{'loss': 3.8855, 'grad_norm': 3.7758023738861084, 'learning_rate': 5.664691819977134e-06, 'epoch': 8.98}
{'eval_loss': 2.692380905151367, 'eval_runtime': 4.5248, 'eval_samples_per_second': 1889.819, 'eval_steps_per_second': 29.615, 'epoch': 8.98}
{'loss': 3.864, 'grad_norm': 3.1839444637298584, 'learning_rate': 3.585905830994699e-06, 'epoch': 9.35}
{'eval_loss': 2.6802244186401367, 'eval_runtime': 4.2341, 'eval_samples_per_second': 2019.541, 'eval_steps_per_second': 31.648, 'epoch': 9.35}
{'loss': 3.1366, 'grad_norm': 4.313929557800293, 'learning_rate': 1.5071198420122647e-06, 'epoch': 9.73}
{'eval_loss': 2.6848630905151367, 'eval_runtime': 4.9271, 'eval_samples_per_second': 1735.507, 'eval_steps_per_second': 27.197, 'epoch': 9.73}
{'train_runtime': 849.6559, 'train_samples_per_second': 805.079, 'train_steps_per_second': 12.582, 'train_loss': 5.705766577582364, 'epoch': 10.0}
Model saved.
Predictions saved.
*** Experiment finished ***

2024-11-07 20:30:43.637578: E external/local_xla/xla/stream_executor/cuda/cuda_dnn.cc:9261] Unable to register cuDNN factory: Attempting to register factory for plugin cuDNN when one has already been registered
2024-11-07 20:30:43.637651: E external/local_xla/xla/stream_executor/cuda/cuda_fft.cc:607] Unable to register cuFFT factory: Attempting to register factory for plugin cuFFT when one has already been registered
2024-11-07 20:30:43.638735: E external/local_xla/xla/stream_executor/cuda/cuda_blas.cc:1515] Unable to register cuBLAS factory: Attempting to register factory for plugin cuBLAS when one has already been registered
2024-11-07 20:30:43.644525: I tensorflow/core/platform/cpu_feature_guard.cc:182] This TensorFlow binary is optimized to use available CPU instructions in performance-critical operations.
To enable the following instructions: AVX2 FMA, in other operations, rebuild TensorFlow with the appropriate compiler flags.
2024-11-07 20:30:44.448072: W tensorflow/compiler/tf2tensorrt/utils/py_utils.cc:38] TF-TRT Warning: Could not find TensorRT
/usr/local/lib/python3.11/dist-packages/torch/_utils.py:831: UserWarning: TypedStorage is deprecated. It will be removed in the future and UntypedStorage will be the only storage class. This should only matter to you if you are using storages directly.  To access UntypedStorage directly, use tensor.untyped_storage() instead of tensor.storage()
  return self.fget.__get__(instance, owner)()
Some weights of RobertaForSequenceClassification were not initialized from the model checkpoint at DeepChem/ChemBERTa-5M-MTR and are newly initialized: ['classifier.dense.bias', 'classifier.dense.weight', 'classifier.out_proj.bias', 'classifier.out_proj.weight']
You should probably TRAIN this model on a down-stream task to be able to use it for predictions and inference.
*** Start experiment ***
Inputs:    smiles
Data type: comp
Model:     DeepChem/ChemBERTa-5M-MTR
Results folder: /storage/smiles2spec_models/smiles_comp_ChemBERTa-5M-MTR_FFNN-3-2200
Total Params. :  17,592,456
Total Trainable Params. :  17,592,456
[2024-11-07 20:30:57,051] [INFO] [real_accelerator.py:158:get_accelerator] Setting ds_accelerator to cuda (auto detect)
{'loss': 41.3543, 'grad_norm': 4.856212139129639, 'learning_rate': 1.8709073900841907e-05, 'epoch': 0.37}
{'eval_loss': 8.744609832763672, 'eval_runtime': 4.2502, 'eval_samples_per_second': 2011.909, 'eval_steps_per_second': 31.528, 'epoch': 0.37}
{'loss': 9.18, 'grad_norm': 6.620023727416992, 'learning_rate': 3.7418147801683815e-05, 'epoch': 0.75}
{'eval_loss': 6.2017693519592285, 'eval_runtime': 3.476, 'eval_samples_per_second': 2460.02, 'eval_steps_per_second': 38.55, 'epoch': 0.75}
{'loss': 5.509, 'grad_norm': 4.194644927978516, 'learning_rate': 4.9319197588608256e-05, 'epoch': 1.12}
{'eval_loss': 4.7980546951293945, 'eval_runtime': 4.213, 'eval_samples_per_second': 2029.652, 'eval_steps_per_second': 31.806, 'epoch': 1.12}
{'loss': 4.9738, 'grad_norm': 4.492936611175537, 'learning_rate': 4.7240411599625824e-05, 'epoch': 1.5}
{'eval_loss': 4.36292839050293, 'eval_runtime': 4.0613, 'eval_samples_per_second': 2105.479, 'eval_steps_per_second': 32.994, 'epoch': 1.5}
{'loss': 5.1185, 'grad_norm': 4.1071319580078125, 'learning_rate': 4.5161625610643385e-05, 'epoch': 1.87}
{'eval_loss': 3.933635711669922, 'eval_runtime': 3.5818, 'eval_samples_per_second': 2387.332, 'eval_steps_per_second': 37.411, 'epoch': 1.87}
{'loss': 4.5246, 'grad_norm': 5.062335014343262, 'learning_rate': 4.308283962166095e-05, 'epoch': 2.25}
{'eval_loss': 3.7297439575195312, 'eval_runtime': 3.6632, 'eval_samples_per_second': 2334.269, 'eval_steps_per_second': 36.58, 'epoch': 2.25}
{'loss': 4.4857, 'grad_norm': 5.481710910797119, 'learning_rate': 4.100405363267852e-05, 'epoch': 2.62}
{'eval_loss': 3.5396316051483154, 'eval_runtime': 4.5556, 'eval_samples_per_second': 1877.013, 'eval_steps_per_second': 29.414, 'epoch': 2.62}
{'loss': 4.4086, 'grad_norm': 6.644136428833008, 'learning_rate': 3.892526764369608e-05, 'epoch': 2.99}
{'eval_loss': 3.3944427967071533, 'eval_runtime': 4.7235, 'eval_samples_per_second': 1810.309, 'eval_steps_per_second': 28.369, 'epoch': 2.99}
{'loss': 3.6602, 'grad_norm': 4.679592132568359, 'learning_rate': 3.684648165471365e-05, 'epoch': 3.37}
{'eval_loss': 3.2758734226226807, 'eval_runtime': 3.6203, 'eval_samples_per_second': 2361.965, 'eval_steps_per_second': 37.014, 'epoch': 3.37}
{'loss': 4.2642, 'grad_norm': 5.939167022705078, 'learning_rate': 3.476769566573121e-05, 'epoch': 3.74}
{'eval_loss': 3.163693428039551, 'eval_runtime': 3.5664, 'eval_samples_per_second': 2397.628, 'eval_steps_per_second': 37.572, 'epoch': 3.74}
{'loss': 3.8709, 'grad_norm': 4.98419713973999, 'learning_rate': 3.268890967674878e-05, 'epoch': 4.12}
{'eval_loss': 3.110844135284424, 'eval_runtime': 4.0246, 'eval_samples_per_second': 2124.695, 'eval_steps_per_second': 33.295, 'epoch': 4.12}
{'loss': 3.524, 'grad_norm': 3.5872886180877686, 'learning_rate': 3.061012368776635e-05, 'epoch': 4.49}
{'eval_loss': 3.0400161743164062, 'eval_runtime': 3.6882, 'eval_samples_per_second': 2318.49, 'eval_steps_per_second': 36.332, 'epoch': 4.49}
{'loss': 3.8484, 'grad_norm': 3.923799991607666, 'learning_rate': 2.853133769878391e-05, 'epoch': 4.86}
{'eval_loss': 2.970280170440674, 'eval_runtime': 3.6112, 'eval_samples_per_second': 2367.904, 'eval_steps_per_second': 37.107, 'epoch': 4.86}
{'loss': 3.7917, 'grad_norm': 4.233716011047363, 'learning_rate': 2.6452551709801478e-05, 'epoch': 5.24}
{'eval_loss': 2.9631168842315674, 'eval_runtime': 3.7267, 'eval_samples_per_second': 2294.547, 'eval_steps_per_second': 35.957, 'epoch': 5.24}
{'loss': 3.2243, 'grad_norm': 3.5283491611480713, 'learning_rate': 2.4373765720819042e-05, 'epoch': 5.61}
{'eval_loss': 2.9054713249206543, 'eval_runtime': 3.8038, 'eval_samples_per_second': 2247.992, 'eval_steps_per_second': 35.228, 'epoch': 5.61}
{'loss': 4.0979, 'grad_norm': 5.002995014190674, 'learning_rate': 2.2294979731836607e-05, 'epoch': 5.99}
{'eval_loss': 2.8769805431365967, 'eval_runtime': 4.3512, 'eval_samples_per_second': 1965.192, 'eval_steps_per_second': 30.796, 'epoch': 5.99}
{'loss': 3.2339, 'grad_norm': 4.198690414428711, 'learning_rate': 2.0216193742854175e-05, 'epoch': 6.36}
{'eval_loss': 2.843615770339966, 'eval_runtime': 3.8962, 'eval_samples_per_second': 2194.682, 'eval_steps_per_second': 34.392, 'epoch': 6.36}
{'loss': 3.5908, 'grad_norm': 6.12811803817749, 'learning_rate': 1.813740775387174e-05, 'epoch': 6.74}
{'eval_loss': 2.8207342624664307, 'eval_runtime': 4.1753, 'eval_samples_per_second': 2047.974, 'eval_steps_per_second': 32.093, 'epoch': 6.74}
{'loss': 3.9077, 'grad_norm': 4.451046466827393, 'learning_rate': 1.6058621764889305e-05, 'epoch': 7.11}
{'eval_loss': 2.792848587036133, 'eval_runtime': 4.6155, 'eval_samples_per_second': 1852.66, 'eval_steps_per_second': 29.032, 'epoch': 7.11}
{'loss': 3.4636, 'grad_norm': 6.271604537963867, 'learning_rate': 1.3979835775906871e-05, 'epoch': 7.48}
{'eval_loss': 2.760507106781006, 'eval_runtime': 4.0071, 'eval_samples_per_second': 2133.95, 'eval_steps_per_second': 33.44, 'epoch': 7.48}
{'loss': 3.285, 'grad_norm': 3.610297441482544, 'learning_rate': 1.1901049786924437e-05, 'epoch': 7.86}
{'eval_loss': 2.7327282428741455, 'eval_runtime': 4.3357, 'eval_samples_per_second': 1972.228, 'eval_steps_per_second': 30.906, 'epoch': 7.86}
{'loss': 3.314, 'grad_norm': 3.4367380142211914, 'learning_rate': 9.822263797942002e-06, 'epoch': 8.23}
{'eval_loss': 2.7348382472991943, 'eval_runtime': 4.6898, 'eval_samples_per_second': 1823.322, 'eval_steps_per_second': 28.573, 'epoch': 8.23}
{'loss': 3.0047, 'grad_norm': 3.601707696914673, 'learning_rate': 7.743477808959569e-06, 'epoch': 8.61}
{'eval_loss': 2.711468458175659, 'eval_runtime': 3.5811, 'eval_samples_per_second': 2387.835, 'eval_steps_per_second': 37.419, 'epoch': 8.61}
{'loss': 3.8013, 'grad_norm': 4.3036417961120605, 'learning_rate': 5.664691819977134e-06, 'epoch': 8.98}
{'eval_loss': 2.6984751224517822, 'eval_runtime': 4.1754, 'eval_samples_per_second': 2047.953, 'eval_steps_per_second': 32.093, 'epoch': 8.98}
{'loss': 3.8256, 'grad_norm': 4.659703731536865, 'learning_rate': 3.585905830994699e-06, 'epoch': 9.35}
{'eval_loss': 2.695279121398926, 'eval_runtime': 3.5802, 'eval_samples_per_second': 2388.423, 'eval_steps_per_second': 37.428, 'epoch': 9.35}
{'loss': 3.0836, 'grad_norm': 5.492657661437988, 'learning_rate': 1.5071198420122647e-06, 'epoch': 9.73}
{'eval_loss': 2.690321445465088, 'eval_runtime': 5.2437, 'eval_samples_per_second': 1630.731, 'eval_steps_per_second': 25.555, 'epoch': 9.73}
{'train_runtime': 882.4258, 'train_samples_per_second': 775.181, 'train_steps_per_second': 12.114, 'train_loss': 5.485313479759851, 'epoch': 10.0}
Model saved.
Predictions saved.
*** Experiment finished ***

